#
# An unexpected error has been detected by HotSpot Virtual Machine:
#
#  EXCEPTION_ACCESS_VIOLATION (0xc0000005) at pc=0x7852c449, pid=2680, tid=3860
#
# Java VM: Java HotSpot(TM) Client VM (1.5.0-b64 mixed mode)
# Problematic frame:
# C  [libmx.dll+0x2c449]
#

---------------  T H R E A D  ---------------

Current thread (0x0026a9e0):  JavaThread "main" [_thread_in_native, id=3860]

siginfo: ExceptionCode=0xc0000005, reading address 0xfe321070

Registers:
EAX=0x85de6b00, EBX=0x785f8968, ECX=0x785de6b0, EDX=0x00000000
ESP=0x00cd9cf0, EBP=0x00cd9cf0, ESI=0x799c2808, EDI=0x785f8968
EIP=0x7852c449, EFLAGS=0x00210287

Top of Stack: (sp=0x00cd9cf0)
0x00cd9cf0:   00cd9cfc 785037d9 785de6b0 00cd9d18
0x00cd9d00:   7852ceba 785f8968 799c2808 785f8968
0x00cd9d10:   034bb4c0 012d2e20 00cd9d44 799a65e7
0x00cd9d20:   785f8968 799c2808 00000000 034bb4c0
0x00cd9d30:   0fadc210 00000000 00cd9d58 799bdbbb
0x00cd9d40:   ffffffff 00cd9d64 799a6c99 036ded20
0x00cd9d50:   0fadc230 034bb4c0 00cd9d78 799bdc84
0x00cd9d60:   00000000 00cd9d84 799a6d94 036ded20 

Instructions: (pc=0x7852c449)
0x7852c439:   cc cc cc cc cc cc cc 55 8b ec 8b 45 08 c1 e0 04
0x7852c449:   8b 80 70 a5 53 78 5d c3 cc cc cc cc cc cc cc cc 


Stack: [0x004e0000,0x00ce0000),  sp=0x00cd9cf0,  free space=8167k
Native frames: (J=compiled Java code, j=interpreted, Vv=VM code, C=native code)
C  [libmx.dll+0x2c449]
C  [libmx.dll+0x37d9]
C  [libmx.dll+0x2ceba]
C  [udd_mi.dll+0x165e7]
C  [udd_mi.dll+0x16c99]
C  [udd_mi.dll+0x16d94]
C  [udd.dll+0x2cee9]
C  [udd.dll+0x2d05c]
C  [mcos.dll+0x1dbe1]
C  [mcos.dll+0x1d8ef]
C  [mcos.dll+0x1d6c8]
C  [mcos.dll+0x191aa]
C  [mcos.dll+0x5528]
C  [m_interpreter.dll+0x2048fc]
C  [m_dispatcher.dll+0x12c83]
C  [libmx.dll+0x18cb7]
C  [libmx.dll+0x3d26]
C  [libmx.dll+0x3e18]
C  [libmx.dll+0x5c04]
C  [libmx.dll+0x3e18]
C  [libmx.dll+0x2cc07]
C  [m_interpreter.dll+0x200530]
C  [m_interpreter.dll+0x203532]
C  [m_interpreter.dll+0x32ce]
C  [bridge.dll+0x7f73]
C  [m_dispatcher.dll+0x15f7e]
C  [m_dispatcher.dll+0x714c]
C  [m_dispatcher.dll+0x34c7c]
C  [m_dispatcher.dll+0x16377]
C  [m_dispatcher.dll+0x7238]
C  [m_interpreter.dll+0x1cae8]
C  [m_interpreter.dll+0x1cb62]
C  [jmi_mi.dll+0x5f56]
C  [jmi_mi.dll+0x6450]
C  [jmi_mi.dll+0x4f86]
j  com.mathworks.jmi.NativeMatlab.nativeThreadMessage(Ljava/lang/Object;)Ljava/lang/Object;+0
j  com.mathworks.jmi.MatlabLooper.sendThreadMessage(Lcom/mathworks/services/message/MWMessage;)Ljava/lang/Object;+4
j  com.mathworks.jmi.Matlab.mtFeval(Ljava/lang/String;[Ljava/lang/Object;I)Ljava/lang/Object;+57
j  com.mathworks.mde.desk.MLDesktop$3.run()V+22
j  com.mathworks.jmi.NativeMatlab.dispatchMTRequests()V+46
v  ~StubRoutines::call_stub
V  [jvm.dll+0x8168d]
V  [jvm.dll+0xd4179]
V  [jvm.dll+0x8155e]
V  [jvm.dll+0x884b3]
C  [jmi.dll+0x3990]
C  [jmi.dll+0x7e50]
C  [uiw.dll+0x3da73]
C  [uiw.dll+0x3e1ca]
C  [USER32.dll+0x218e3]
C  [USER32.dll+0xf7f6]
C  [USER32.dll+0xf94b]
C  [ntdll.dll+0xeae3]
C  [uiw.dll+0x1e9b8]
C  [uiw.dll+0x1bea4]
C  [bridge.dll+0x418c]
C  [bridge.dll+0x445c]
C  [bridge.dll+0x727d]
C  [bridge.dll+0x7391]
C  [bridge.dll+0x7ad2]
C  [mcr.dll+0x90cd]
C  [MATLAB.exe+0x1ca9]
C  [MATLAB.exe+0x3d9f]
C  [kernel32.dll+0x16fd7]

Java frames: (J=compiled Java code, j=interpreted, Vv=VM code)
j  com.mathworks.jmi.NativeMatlab.nativeThreadMessage(Ljava/lang/Object;)Ljava/lang/Object;+0
j  com.mathworks.jmi.MatlabLooper.sendThreadMessage(Lcom/mathworks/services/message/MWMessage;)Ljava/lang/Object;+4
j  com.mathworks.jmi.Matlab.mtFeval(Ljava/lang/String;[Ljava/lang/Object;I)Ljava/lang/Object;+57
j  com.mathworks.mde.desk.MLDesktop$3.run()V+22
j  com.mathworks.jmi.NativeMatlab.dispatchMTRequests()V+46
v  ~StubRoutines::call_stub

---------------  P R O C E S S  ---------------

Java Threads: ( => current thread )
  0x0e0f3cf8 JavaThread "Image Fetcher 2" daemon [_thread_blocked, id=2160]
  0x0e002480 JavaThread "Image Fetcher 1" daemon [_thread_blocked, id=1124]
  0x0ddb2c58 JavaThread "Image Fetcher 0" daemon [_thread_blocked, id=1112]
  0x0dff7378 JavaThread "Text-Layout" [_thread_blocked, id=2040]
  0x0dffbf18 JavaThread "Thread-4" [_thread_in_native, id=3688]
  0x0e306510 JavaThread "Timer-1" daemon [_thread_blocked, id=3256]
  0x0e078348 JavaThread "TimerQueue" daemon [_thread_blocked, id=2336]
  0x0e02a868 JavaThread "AWT-EventQueue-0" [_thread_blocked, id=2588]
  0x0dfad068 JavaThread "Java2D Disposer" daemon [_thread_blocked, id=484]
  0x0dfb04f0 JavaThread "Timer-0" [_thread_blocked, id=3544]
  0x0df7f630 JavaThread "AWT-Windows" daemon [_thread_in_native, id=2632]
  0x0df7f238 JavaThread "AWT-Shutdown" [_thread_blocked, id=3812]
  0x039c5b08 JavaThread "Low Memory Detector" daemon [_thread_blocked, id=2392]
  0x039c4810 JavaThread "CompilerThread0" daemon [_thread_blocked, id=3676]
  0x039c3b08 JavaThread "Signal Dispatcher" daemon [_thread_blocked, id=3680]
  0x039babc8 JavaThread "Finalizer" daemon [_thread_blocked, id=2268]
  0x039b9738 JavaThread "Reference Handler" daemon [_thread_blocked, id=2408]
=>0x0026a9e0 JavaThread "main" [_thread_in_native, id=3860]

Other Threads:
  0x039b55f8 VMThread [id=2784]
  0x039c1f38 WatcherThread [id=1288]

VM state:not at safepoint (normal execution)

VM Mutex/Monitor currently owned by a thread: None

Heap
 def new generation   total 14848K, used 11024K [0x05a00000, 0x06a10000, 0x07200000)
  eden space 13248K,  83% used [0x05a00000, 0x064c43d0, 0x066f0000)
  from space 1600K,   0% used [0x06880000, 0x06880000, 0x06a10000)
  to   space 1600K,   0% used [0x066f0000, 0x066f0000, 0x06880000)
 tenured generation   total 49152K, used 17711K [0x07200000, 0x0a200000, 0x0ba00000)
   the space 49152K,  36% used [0x07200000, 0x0834beb8, 0x0834c000, 0x0a200000)
 compacting perm gen  total 18432K, used 18193K [0x0ba00000, 0x0cc00000, 0x0da00000)
   the space 18432K,  98% used [0x0ba00000, 0x0cbc4708, 0x0cbc4800, 0x0cc00000)
No shared spaces configured.

Dynamic libraries:
0x00400000 - 0x004d3000 	C:\Program Files\MATLAB71\bin\win32\MATLAB.exe
0x7c900000 - 0x7c9b0000 	C:\WINDOWS\system32\ntdll.dll
0x7c800000 - 0x7c8f5000 	C:\WINDOWS\system32\kernel32.dll
0x78550000 - 0x7855d000 	C:\Program Files\MATLAB71\bin\win32\libmat.dll
0x78500000 - 0x7853e000 	C:\Program Files\MATLAB71\bin\win32\libmx.dll
0x781f0000 - 0x78284000 	C:\Program Files\MATLAB71\bin\win32\icuuc32.dll
0x77dd0000 - 0x77e6b000 	C:\WINDOWS\system32\ADVAPI32.dll
0x77e70000 - 0x77f02000 	C:\WINDOWS\system32\RPCRT4.dll
0x77fe0000 - 0x77ff1000 	C:\WINDOWS\system32\Secur32.dll
0x10000000 - 0x10005000 	C:\Program Files\MATLAB71\bin\win32\icudt32.dll
0x7c340000 - 0x7c396000 	C:\Program Files\MATLAB71\bin\win32\MSVCR71.dll
0x00220000 - 0x00232000 	C:\Program Files\MATLAB71\bin\win32\libz.dll
0x78450000 - 0x784f3000 	C:\Program Files\MATLAB71\bin\win32\libut.dll
0x76c90000 - 0x76cb8000 	C:\WINDOWS\system32\imagehlp.dll
0x77c10000 - 0x77c68000 	C:\WINDOWS\system32\msvcrt.dll
0x78100000 - 0x781aa000 	C:\Program Files\MATLAB71\bin\win32\icuin32.dll
0x781b0000 - 0x781bb000 	C:\Program Files\MATLAB71\bin\win32\icuio32.dll
0x7c3a0000 - 0x7c41b000 	C:\Program Files\MATLAB71\bin\win32\MSVCP71.dll
0x7e410000 - 0x7e4a0000 	C:\WINDOWS\system32\USER32.dll
0x77f10000 - 0x77f57000 	C:\WINDOWS\system32\GDI32.dll
0x774e0000 - 0x7761d000 	C:\WINDOWS\system32\ole32.dll
0x77120000 - 0x771ab000 	C:\WINDOWS\system32\OLEAUT32.dll
0x78d40000 - 0x78e46000 	C:\Program Files\MATLAB71\bin\win32\libmwservices.dll
0x763b0000 - 0x763f9000 	C:\WINDOWS\system32\comdlg32.dll
0x77f60000 - 0x77fd6000 	C:\WINDOWS\system32\SHLWAPI.dll
0x5d090000 - 0x5d12a000 	C:\WINDOWS\system32\COMCTL32.dll
0x7c9c0000 - 0x7d1d7000 	C:\WINDOWS\system32\SHELL32.dll
0x78570000 - 0x7858a000 	C:\Program Files\MATLAB71\bin\win32\mpath.dll
0x5b860000 - 0x5b8b4000 	C:\WINDOWS\system32\NETAPI32.dll
0x71ab0000 - 0x71ac7000 	C:\WINDOWS\system32\WS2_32.dll
0x71aa0000 - 0x71aa8000 	C:\WINDOWS\system32\WS2HELP.dll
0x78540000 - 0x7854f000 	C:\Program Files\MATLAB71\bin\win32\libmex.dll
0x78560000 - 0x7856e000 	C:\Program Files\MATLAB71\bin\win32\mvalue.dll
0x786c0000 - 0x7872e000 	C:\Program Files\MATLAB71\bin\win32\m_dispatcher.dll
0x78290000 - 0x78430000 	C:\Program Files\MATLAB71\bin\win32\xerces-c_2_6.dll
0x78d20000 - 0x78d36000 	C:\Program Files\MATLAB71\bin\win32\datasvcs.dll
0x791c0000 - 0x791db000 	C:\Program Files\MATLAB71\bin\win32\mcr.dll
0x78730000 - 0x78a3a000 	C:\Program Files\MATLAB71\bin\win32\m_interpreter.dll
0x78590000 - 0x78628000 	C:\Program Files\MATLAB71\bin\win32\mcos.dll
0x78c90000 - 0x78d20000 	C:\Program Files\MATLAB71\bin\win32\mlib.dll
0x78a40000 - 0x78bd6000 	C:\Program Files\MATLAB71\bin\win32\m_parser.dll
0x78c80000 - 0x78c8d000 	C:\Program Files\MATLAB71\bin\win32\ir_xfmr.dll
0x78be0000 - 0x78c3b000 	C:\Program Files\MATLAB71\bin\win32\m_ir.dll
0x78c40000 - 0x78c54000 	C:\Program Files\MATLAB71\bin\win32\m_pcodegen.dll
0x78c60000 - 0x78c74000 	C:\Program Files\MATLAB71\bin\win32\m_pcodeio.dll
0x79990000 - 0x799e4000 	C:\Program Files\MATLAB71\bin\win32\udd_mi.dll
0x78630000 - 0x786b2000 	C:\Program Files\MATLAB71\bin\win32\udd.dll
0x799f0000 - 0x79a1b000 	C:\Program Files\MATLAB71\bin\win32\jmi.dll
0x79aa0000 - 0x79b3d000 	C:\Program Files\MATLAB71\bin\win32\bridge.dll
0x77c00000 - 0x77c08000 	C:\WINDOWS\system32\VERSION.dll
0x78f70000 - 0x79009000 	C:\Program Files\MATLAB71\bin\win32\libmwgui.dll
0x79980000 - 0x79990000 	C:\Program Files\MATLAB71\bin\win32\mwoles05.dll
0x79a20000 - 0x79a59000 	C:\Program Files\MATLAB71\bin\win32\comcli.dll
0x78eb0000 - 0x78f2b000 	C:\Program Files\MATLAB71\bin\win32\uiw.dll
0x78f30000 - 0x78f53000 	C:\Program Files\MATLAB71\bin\win32\libuij.dll
0x79190000 - 0x791bb000 	C:\Program Files\MATLAB71\bin\win32\libmwhardcopy.dll
0x78f60000 - 0x78f69000 	C:\Program Files\MATLAB71\bin\win32\uinone.dll
0x7c140000 - 0x7c243000 	C:\Program Files\MATLAB71\bin\win32\MFC71.DLL
0x73000000 - 0x73026000 	C:\WINDOWS\system32\WINSPOOL.DRV
0x7c120000 - 0x7c139000 	C:\Program Files\MATLAB71\bin\win32\ATL71.DLL
0x79a60000 - 0x79a69000 	C:\Program Files\MATLAB71\bin\win32\mlautoregister.dll
0x79010000 - 0x79162000 	C:\Program Files\MATLAB71\bin\win32\hg.dll
0x791e0000 - 0x7934d000 	C:\Program Files\MATLAB71\bin\win32\numerics.dll
0x79910000 - 0x79917000 	C:\Program Files\MATLAB71\bin\win32\libmwamd.dll
0x793a0000 - 0x79426000 	C:\Program Files\MATLAB71\bin\win32\libfftw3.dll
0x79430000 - 0x794b1000 	C:\Program Files\MATLAB71\bin\win32\libfftw3f.dll
0x79350000 - 0x79373000 	C:\Program Files\MATLAB71\bin\win32\libmwlapack.dll
0x79920000 - 0x79975000 	C:\Program Files\MATLAB71\bin\win32\libmwumfpackv4.3.dll
0x773d0000 - 0x774d3000 	C:\WINDOWS\WinSxS\x86_Microsoft.Windows.Common-Controls_6595b64144ccf1df_6.0.2600.2982_x-ww_ac3f9c03\comctl32.dll
0x7c300000 - 0x7c30e000 	C:\Program Files\MATLAB71\bin\win32\MFC71ENU.DLL
0x79380000 - 0x79398000 	C:\Program Files\MATLAB71\bin\win32\mkl.dll
0x794c0000 - 0x79907000 	C:\Program Files\MATLAB71\bin\win32\lapack.dll
0x01e00000 - 0x01e7e000 	C:\Program Files\MATLAB71\bin\win32\DFORMD.DLL
0x74290000 - 0x74294000 	C:\WINDOWS\system32\icmp.Dll
0x76d60000 - 0x76d79000 	C:\WINDOWS\system32\iphlpapi.dll
0x71a50000 - 0x71a8f000 	C:\WINDOWS\System32\mswsock.dll
0x76f20000 - 0x76f47000 	C:\WINDOWS\system32\DNSAPI.dll
0x76fb0000 - 0x76fb8000 	C:\WINDOWS\System32\winrnr.dll
0x76f60000 - 0x76f8c000 	C:\WINDOWS\system32\WLDAP32.dll
0x662b0000 - 0x66308000 	C:\WINDOWS\system32\hnetcfg.dll
0x71a90000 - 0x71a98000 	C:\WINDOWS\System32\wshtcpip.dll
0x76fc0000 - 0x76fc6000 	C:\WINDOWS\system32\rasadhlp.dll
0x74720000 - 0x7476b000 	C:\WINDOWS\system32\MSCTF.dll
0x6d640000 - 0x6d7c5000 	C:\Program Files\MATLAB71\sys\java\jre\win32\jre1.5.0\bin\client\jvm.dll
0x76b40000 - 0x76b6d000 	C:\WINDOWS\system32\WINMM.dll
0x5dac0000 - 0x5dac8000 	C:\WINDOWS\system32\rdpsnd.dll
0x76360000 - 0x76370000 	C:\WINDOWS\system32\WINSTA.dll
0x76bf0000 - 0x76bfb000 	C:\WINDOWS\system32\PSAPI.DLL
0x037a0000 - 0x037a7000 	C:\WINDOWS\system32\ctagent.dll
0x6d280000 - 0x6d288000 	C:\Program Files\MATLAB71\sys\java\jre\win32\jre1.5.0\bin\hpi.dll
0x6d610000 - 0x6d61c000 	C:\Program Files\MATLAB71\sys\java\jre\win32\jre1.5.0\bin\verify.dll
0x6d300000 - 0x6d31d000 	C:\Program Files\MATLAB71\sys\java\jre\win32\jre1.5.0\bin\java.dll
0x6d630000 - 0x6d63f000 	C:\Program Files\MATLAB71\sys\java\jre\win32\jre1.5.0\bin\zip.dll
0x79b40000 - 0x79b51000 	C:\Program Files\MATLAB71\bin\win32\jmi_mi.dll
0x6d000000 - 0x6d166000 	C:\Program Files\MATLAB71\sys\java\jre\win32\jre1.5.0\bin\awt.dll
0x76390000 - 0x763ad000 	C:\WINDOWS\system32\IMM32.dll
0x7a790000 - 0x7a79d000 	C:\Program Files\MATLAB71\bin\win32\nativejava.dll
0x6d240000 - 0x6d27d000 	C:\Program Files\MATLAB71\sys\java\jre\win32\jre1.5.0\bin\fontmanager.dll
0x6d4c0000 - 0x6d4d3000 	C:\Program Files\MATLAB71\sys\java\jre\win32\jre1.5.0\bin\net.dll
0x6d4e0000 - 0x6d4e9000 	C:\Program Files\MATLAB71\sys\java\jre\win32\jre1.5.0\bin\nio.dll
0x0e680000 - 0x0e685000 	C:\Program Files\MATLAB71\bin\win32\nativeservices.dll
0x7a7a0000 - 0x7a7ac000 	C:\Program Files\MATLAB71\bin\win32\nativelex.dll
0x605d0000 - 0x605d9000 	C:\WINDOWS\system32\mslbui.dll
0x32000000 - 0x320b5000 	C:\WINDOWS\System32\spool\DRIVERS\W32X86\3\PS5UI.DLL
0x78e50000 - 0x78ea4000 	C:\Program Files\MATLAB71\bin\win32\libmwbuiltins.dll
0x77b40000 - 0x77b62000 	C:\WINDOWS\system32\Apphelp.dll
0x01fd0000 - 0x01fda000 	C:\Program Files\MATLAB71\toolbox\matlab\iofun\dataread.mexw32
0x02070000 - 0x02075000 	C:\Program Files\MATLAB71\toolbox\matlab\datafun\sortcellchar.mexw32
0x02080000 - 0x02086000 	C:\Program Files\MATLAB71\work\alTuner10old\mysql\mysql.mexw32
0x02090000 - 0x02199000 	C:\WINDOWS\system32\LIBMYSQL.dll
0x71ad0000 - 0x71ad9000 	C:\WINDOWS\system32\WSOCK32.dll
0x02540000 - 0x02546000 	C:\Program Files\MATLAB71\toolbox\matlab\ops\ismembc.mexw32
0x02460000 - 0x02465000 	C:\Program Files\MATLAB71\work\alTuner10old\regression\gpml\w_ham_dist.mexw32
0x7b980000 - 0x7bcb9000 	C:\Program Files\MATLAB71\bin\win32\mkl_p4p.dll
0x7bd80000 - 0x7bdb3000 	C:\Program Files\MATLAB71\bin\win32\libguide40.dll

VM Arguments:
jvm_args: -Xss512k -Xms64m -Xmx96m -XX:NewRatio=3 -XX:MaxPermSize=32M -Dsun.java2d.noddraw=true -Dsun.awt.nopixfmt=true -Xshare:off -Djava.library.path=C:\Program Files\MATLAB71\bin\win32 vfprintf abort
java_command: <unknown>

Environment Variables:
CLASSPATH=.;C:\Documents and Settings\hutter\My Documents\ruby;C:\Documents and Settings\hutter\My Documents\ruby;C:\Documents and Settings\hutter\My Documents\ruby\bin;C:\Program Files\Java\jre1.5.0_15\lib\ext\QTJava.zip
PATH=C:\Program Files\MiKTeX 2.6\miktex\bin;c:\local\texmf\miktex\bin;c:\local\perl\bin\;C:\WINDOWS\system32;C:\WINDOWS;C:\WINDOWS\system32\wbem;c:\program files\securecrt\;C:\Program Files\MATLAB71\bin\win32;C:\Documents and Settings\hutter\My Documents\ruby\bin;C:\Program Files\Perforce;C:\Program Files\QuickTime\QTSystem\
USERNAME=hutter
OS=Windows_NT
PROCESSOR_IDENTIFIER=x86 Family 15 Model 4 Stepping 3, GenuineIntel


---------------  S Y S T E M  ---------------

OS: Windows XP Build 2600 Service Pack 2

CPU:total 2 family 15, cmov, cx8, fxsr, mmx, sse, sse2, ht

Memory: 4k page, physical 1046572k(250624k free), swap 2517668k(1804328k free)

vm_info: Java HotSpot(TM) Client VM (1.5.0-b64) for windows-x86, built on Sep 15 2004 03:00:31 by "java_re" with MS VC++ 6.0

